<?xml version="1.0" encoding="UTF-8"?>
<!-- Generated by org.testng.reporters.JUnitXMLReporter -->
<testsuite ignored="0" hostname="DESKTOP-0L9DERS" failures="2" tests="2" name="EdgeTests" time="2.808" errors="0" timestamp="2025-05-07T22:25:08 EDT">
  <testcase classname="io.cucumber.testng.AbstractTestNGCucumberTests" name="runScenario" time="0.374">
    <failure type="java.lang.NullPointerException" message="Cannot invoke &amp;quot;String.toLowerCase()&amp;quot; because &amp;quot;browser&amp;quot; is null">
      <![CDATA[java.lang.NullPointerException: Cannot invoke "String.toLowerCase()" because "browser" is null
at utilityAllureParallelScenariosBrowsers1.BaseClassAllureParallelScenariosBrowsers1.allureParallelScenariosBrowsers1_initializeDriver(BaseClassAllureParallelScenariosBrowsers1.java:91)
at stepDefinationAllureParallelScenariosBrowsers1.HooksAllureParallelScenariosBrowsers1.setUp(HooksAllureParallelScenariosBrowsers1.java:23)
]]>
    </failure>
  </testcase> <!-- runScenario -->
  <testcase classname="io.cucumber.testng.AbstractTestNGCucumberTests" name="runScenario" time="0.374">
    <failure type="java.lang.NullPointerException" message="Cannot invoke &amp;quot;String.toLowerCase()&amp;quot; because &amp;quot;browser&amp;quot; is null">
      <![CDATA[java.lang.NullPointerException: Cannot invoke "String.toLowerCase()" because "browser" is null
at utilityAllureParallelScenariosBrowsers1.BaseClassAllureParallelScenariosBrowsers1.allureParallelScenariosBrowsers1_initializeDriver(BaseClassAllureParallelScenariosBrowsers1.java:91)
at stepDefinationAllureParallelScenariosBrowsers1.HooksAllureParallelScenariosBrowsers1.setUp(HooksAllureParallelScenariosBrowsers1.java:23)
]]>
    </failure>
  </testcase> <!-- runScenario -->
</testsuite> <!-- EdgeTests -->
