<?xml version="1.0" encoding="UTF-8"?>
<testng-results ignored="0" total="4" passed="4" failed="0" skipped="0">
  <reporter-output>
  </reporter-output>
  <suite started-at="2025-05-10T21:27:26 EDT" name="ScenariosBrowsersParallelExecution" finished-at="2025-05-10T21:27:34 EDT" duration-ms="7851">
    <groups>
      <group name="cucumber">
        <method signature="AbstractTestNGCucumberTests.runScenario(io.cucumber.testng.PickleWrapper,io.cucumber.testng.FeatureWrapper)[pri:0, instance:testRunnerAllureParallelScenariosBrowsers1.TestRunnerAllureParallelScenariosBrowsers1@698fee9a]" name="runScenario" class="io.cucumber.testng.AbstractTestNGCucumberTests"/>
        <method signature="AbstractTestNGCucumberTests.runScenario(io.cucumber.testng.PickleWrapper,io.cucumber.testng.FeatureWrapper)[pri:0, instance:testRunnerAllureParallelScenariosBrowsers1.TestRunnerAllureParallelScenariosBrowsers1@51d387d3]" name="runScenario" class="io.cucumber.testng.AbstractTestNGCucumberTests"/>
      </group> <!-- cucumber -->
    </groups>
    <test started-at="2025-05-10T21:27:26 EDT" name="ChromeTests" finished-at="2025-05-10T21:27:34 EDT" duration-ms="7715">
      <class name="testRunnerAllureParallelScenariosBrowsers1.TestRunnerAllureParallelScenariosBrowsers1">
        <test-method is-config="true" signature="setUpClass(org.testng.ITestContext)[pri:0, instance:testRunnerAllureParallelScenariosBrowsers1.TestRunnerAllureParallelScenariosBrowsers1@698fee9a]" started-at="2025-05-10T21:27:26 EDT" name="setUpClass" finished-at="2025-05-10T21:27:27 EDT" duration-ms="881" status="PASS">
          <params>
            <param index="0">
              <value>
                <![CDATA[org.testng.TestRunner@7601bc96]]>
              </value>
            </param>
          </params>
          <reporter-output>
          </reporter-output>
        </test-method> <!-- setUpClass -->
        <test-method is-config="true" signature="setupBrowser(java.lang.String)[pri:0, instance:testRunnerAllureParallelScenariosBrowsers1.TestRunnerAllureParallelScenariosBrowsers1@698fee9a]" started-at="2025-05-10T21:27:27 EDT" name="setupBrowser" finished-at="2025-05-10T21:27:27 EDT" duration-ms="4" status="PASS">
          <params>
            <param index="0">
              <value>
                <![CDATA[edge]]>
              </value>
            </param>
          </params>
          <reporter-output>
          </reporter-output>
        </test-method> <!-- setupBrowser -->
        <test-method signature="runScenario(io.cucumber.testng.PickleWrapper,io.cucumber.testng.FeatureWrapper)[pri:0, instance:testRunnerAllureParallelScenariosBrowsers1.TestRunnerAllureParallelScenariosBrowsers1@698fee9a]" started-at="2025-05-10T21:27:27 EDT" name="runScenario" description="Runs Cucumber Scenarios" data-provider="scenarios" finished-at="2025-05-10T21:27:32 EDT" duration-ms="5488" status="PASS">
          <params>
            <param index="0">
              <value>
                <![CDATA["Verify image slider automatically changes images"]]>
              </value>
            </param>
            <param index="1">
              <value>
                <![CDATA["Homepage image slider functionality"]]>
              </value>
            </param>
          </params>
          <reporter-output>
          </reporter-output>
        </test-method> <!-- runScenario -->
        <test-method signature="runScenario(io.cucumber.testng.PickleWrapper,io.cucumber.testng.FeatureWrapper)[pri:0, instance:testRunnerAllureParallelScenariosBrowsers1.TestRunnerAllureParallelScenariosBrowsers1@698fee9a]" started-at="2025-05-10T21:27:27 EDT" name="runScenario" description="Runs Cucumber Scenarios" data-provider="scenarios" finished-at="2025-05-10T21:27:32 EDT" duration-ms="4561" status="PASS">
          <params>
            <param index="0">
              <value>
                <![CDATA["Verify homepage image slider is displayed"]]>
              </value>
            </param>
            <param index="1">
              <value>
                <![CDATA["Homepage image slider functionality"]]>
              </value>
            </param>
          </params>
          <reporter-output>
          </reporter-output>
        </test-method> <!-- runScenario -->
        <test-method is-config="true" signature="tearDownClass()[pri:0, instance:testRunnerAllureParallelScenariosBrowsers1.TestRunnerAllureParallelScenariosBrowsers1@698fee9a]" started-at="2025-05-10T21:27:32 EDT" name="tearDownClass" finished-at="2025-05-10T21:27:34 EDT" duration-ms="1279" status="PASS">
          <reporter-output>
          </reporter-output>
        </test-method> <!-- tearDownClass -->
      </class> <!-- testRunnerAllureParallelScenariosBrowsers1.TestRunnerAllureParallelScenariosBrowsers1 -->
    </test> <!-- ChromeTests -->
    <test started-at="2025-05-10T21:27:26 EDT" name="EdgeTests" finished-at="2025-05-10T21:27:34 EDT" duration-ms="7851">
      <class name="testRunnerAllureParallelScenariosBrowsers1.TestRunnerAllureParallelScenariosBrowsers1">
        <test-method is-config="true" signature="setUpClass(org.testng.ITestContext)[pri:0, instance:testRunnerAllureParallelScenariosBrowsers1.TestRunnerAllureParallelScenariosBrowsers1@51d387d3]" started-at="2025-05-10T21:27:26 EDT" name="setUpClass" finished-at="2025-05-10T21:27:27 EDT" duration-ms="881" status="PASS">
          <params>
            <param index="0">
              <value>
                <![CDATA[org.testng.TestRunner@48a0c8aa]]>
              </value>
            </param>
          </params>
          <reporter-output>
          </reporter-output>
        </test-method> <!-- setUpClass -->
        <test-method is-config="true" signature="setupBrowser(java.lang.String)[pri:0, instance:testRunnerAllureParallelScenariosBrowsers1.TestRunnerAllureParallelScenariosBrowsers1@51d387d3]" started-at="2025-05-10T21:27:27 EDT" name="setupBrowser" finished-at="2025-05-10T21:27:27 EDT" duration-ms="4" status="PASS">
          <params>
            <param index="0">
              <value>
                <![CDATA[edge]]>
              </value>
            </param>
          </params>
          <reporter-output>
          </reporter-output>
        </test-method> <!-- setupBrowser -->
        <test-method signature="runScenario(io.cucumber.testng.PickleWrapper,io.cucumber.testng.FeatureWrapper)[pri:0, instance:testRunnerAllureParallelScenariosBrowsers1.TestRunnerAllureParallelScenariosBrowsers1@51d387d3]" started-at="2025-05-10T21:27:27 EDT" name="runScenario" description="Runs Cucumber Scenarios" data-provider="scenarios" finished-at="2025-05-10T21:27:33 EDT" duration-ms="6046" status="PASS">
          <params>
            <param index="0">
              <value>
                <![CDATA["Verify image slider automatically changes images"]]>
              </value>
            </param>
            <param index="1">
              <value>
                <![CDATA["Homepage image slider functionality"]]>
              </value>
            </param>
          </params>
          <reporter-output>
          </reporter-output>
        </test-method> <!-- runScenario -->
        <test-method signature="runScenario(io.cucumber.testng.PickleWrapper,io.cucumber.testng.FeatureWrapper)[pri:0, instance:testRunnerAllureParallelScenariosBrowsers1.TestRunnerAllureParallelScenariosBrowsers1@51d387d3]" started-at="2025-05-10T21:27:27 EDT" name="runScenario" description="Runs Cucumber Scenarios" data-provider="scenarios" finished-at="2025-05-10T21:27:32 EDT" duration-ms="5503" status="PASS">
          <params>
            <param index="0">
              <value>
                <![CDATA["Verify homepage image slider is displayed"]]>
              </value>
            </param>
            <param index="1">
              <value>
                <![CDATA["Homepage image slider functionality"]]>
              </value>
            </param>
          </params>
          <reporter-output>
          </reporter-output>
        </test-method> <!-- runScenario -->
        <test-method is-config="true" signature="tearDownClass()[pri:0, instance:testRunnerAllureParallelScenariosBrowsers1.TestRunnerAllureParallelScenariosBrowsers1@51d387d3]" started-at="2025-05-10T21:27:33 EDT" name="tearDownClass" finished-at="2025-05-10T21:27:34 EDT" duration-ms="863" status="PASS">
          <reporter-output>
          </reporter-output>
        </test-method> <!-- tearDownClass -->
      </class> <!-- testRunnerAllureParallelScenariosBrowsers1.TestRunnerAllureParallelScenariosBrowsers1 -->
    </test> <!-- EdgeTests -->
  </suite> <!-- ScenariosBrowsersParallelExecution -->
</testng-results>
